<?xml version="1.0" encoding="UTF-8"?>
<lns:library xmlns:lns="http://www.adligo.org/fabricate/xml/io_v1/library_v1_0.xsd" 
	xmlns:cns="http://www.adligo.org/fabricate/xml/io_v1/common_v1_0.xsd"
   xmlns:xsi="http://www.w3.org/2001/XMLSchema-instance" >
   <lns:dependencies>
    <lns:dependency group="org.junit" artifact="junit" version="4.11">
    	<lns:ide name="eclipse" >
    		<lns:args>
    			<cns:param key="kind" value="con" />
    			<cns:param key="path" value="org.eclipse.jdt.junit.JUNIT_CONTAINER/4" />
    		</lns:args>
    	</lns:ide>
    </lns:dependency>
   </lns:dependencies>
</lns:library>
